#
# There is insufficient memory for the Java Runtime Environment to continue.
# Native memory allocation (mmap) failed to map 6291456 bytes for G1 virtual space
# Possible reasons:
#   The system is out of physical RAM or swap space
#   The process is running with CompressedOops enabled, and the Java Heap may be blocking the growth of the native heap
# Possible solutions:
#   Reduce memory load on the system
#   Increase physical memory or swap space
#   Check if swap backing store is full
#   Decrease Java heap size (-Xmx/-Xms)
#   Decrease number of Java threads
#   Decrease Java thread stack sizes (-Xss)
#   Set larger code cache with -XX:ReservedCodeCacheSize=
#   JVM is running with Unscaled Compressed Oops mode in which the Java heap is
#     placed in the first 4GB address space. The Java Heap base address is the
#     maximum limit for the native heap growth. Please use -XX:HeapBaseMinAddress
#     to set the Java Heap base and to place the Java Heap above 4GB virtual address.
# This output file may be truncated or incomplete.
#
#  Out of Memory Error (os_windows.cpp:3535), pid=5000, tid=9496
#
# JRE version: OpenJDK Runtime Environment Temurin-17.0.3+7 (17.0.3+7) (build 17.0.3+7)
# Java VM: OpenJDK 64-Bit Server VM Temurin-17.0.3+7 (17.0.3+7, mixed mode, tiered, compressed oops, compressed class ptrs, g1 gc, windows-amd64)
# No core dump will be written. Minidumps are not enabled by default on client versions of Windows
#

---------------  S U M M A R Y ------------

Command Line: -Dfile.encoding=UTF-8 --module-path=C:\Users\CS219-user\eclipse-workspace\AFinalProject\bin;C:\Program Files\Eclipse\plugins\org.junit_4.13.2.v20211018-1956.jar;C:\Program Files\Eclipse\plugins\org.hamcrest.core_1.3.0.v20180420-1519.jar;C:\JavaFX\javafx-sdk-16\lib\javafx-swt.jar;C:\JavaFX\javafx-sdk-16\lib\javafx.base.jar;C:\JavaFX\javafx-sdk-16\lib\javafx.controls.jar;C:\JavaFX\javafx-sdk-16\lib\javafx.fxml.jar;C:\JavaFX\javafx-sdk-16\lib\javafx.graphics.jar;C:\JavaFX\javafx-sdk-16\lib\javafx.media.jar;C:\JavaFX\javafx-sdk-16\lib\javafx.swing.jar;C:\JavaFX\javafx-sdk-16\lib\javafx.web.jar;C:\Program Files\Eclipse\plugins\org.eclipse.fx.ide.css.jfx8_3.8.0.202204150904.jar -XX:+ShowCodeDetailsInExceptionMessages -Djdk.module.main=FinalProject FinalProject/application.Main

Host: Intel(R) Xeon(R) Platinum 8272CL CPU @ 2.60GHz, 2 cores, 3G,  Windows 11 , 64 bit Build 22000 (10.0.22000.1219)
Time: Wed Nov 30 19:37:53 2022 Coordinated Universal Time elapsed time: 2.700400 seconds (0d 0h 0m 2s)

---------------  T H R E A D  ---------------

Current thread (0x0000019b4955ff00):  VMThread "VM Thread" [stack: 0x000000176b700000,0x000000176b800000] [id=9496]

Stack: [0x000000176b700000,0x000000176b800000]
Native frames: (J=compiled Java code, j=interpreted, Vv=VM code, C=native code)
V  [jvm.dll+0x675efa]
V  [jvm.dll+0x830a24]
V  [jvm.dll+0x8321ce]
V  [jvm.dll+0x832833]
V  [jvm.dll+0x2454b5]
V  [jvm.dll+0x672de9]
V  [jvm.dll+0x667732]
V  [jvm.dll+0x3043ab]
V  [jvm.dll+0x30b8f6]
V  [jvm.dll+0x35b62e]
V  [jvm.dll+0x35b85f]
V  [jvm.dll+0x2db248]
V  [jvm.dll+0x2d94fc]
V  [jvm.dll+0x2d8acc]
V  [jvm.dll+0x31ca2b]
V  [jvm.dll+0x836cdb]
V  [jvm.dll+0x837a14]
V  [jvm.dll+0x837f2c]
V  [jvm.dll+0x838304]
V  [jvm.dll+0x8383d0]
V  [jvm.dll+0x7e0cfa]
V  [jvm.dll+0x674d85]
C  [ucrtbase.dll+0x26c0c]
C  [KERNEL32.DLL+0x15550]
C  [ntdll.dll+0x485b]

VM_Operation (0x000000176c5fbf60): G1CollectForAllocation, mode: safepoint, requested by thread 0x0000019b60f4c270


---------------  P R O C E S S  ---------------

Threads class SMR info:
_java_thread_list=0x0000019b648013e0, length=19, elements={
0x0000019b4949f040, 0x0000019b601f8020, 0x0000019b601f9900, 0x0000019b601c8dd0,
0x0000019b601cb2b0, 0x0000019b601cb780, 0x0000019b601cbd40, 0x0000019b60220870,
0x0000019b60222d90, 0x0000019b60234690, 0x0000019b60c67e90, 0x0000019b60fbe710,
0x0000019b60f4c270, 0x0000019b60f4bda0, 0x0000019b60f4b8d0, 0x0000019b60f4c740,
0x0000019b60f4a0c0, 0x0000019b60f4a590, 0x0000019b60f4d0e0
}

Java Threads: ( => current thread )
  0x0000019b4949f040 JavaThread "main" [_thread_blocked, id=8064, stack(0x000000176b100000,0x000000176b200000)]
  0x0000019b601f8020 JavaThread "Reference Handler" daemon [_thread_blocked, id=5196, stack(0x000000176b800000,0x000000176b900000)]
  0x0000019b601f9900 JavaThread "Finalizer" daemon [_thread_blocked, id=2148, stack(0x000000176b900000,0x000000176ba00000)]
  0x0000019b601c8dd0 JavaThread "Signal Dispatcher" daemon [_thread_blocked, id=9880, stack(0x000000176ba00000,0x000000176bb00000)]
  0x0000019b601cb2b0 JavaThread "Attach Listener" daemon [_thread_blocked, id=9116, stack(0x000000176bb00000,0x000000176bc00000)]
  0x0000019b601cb780 JavaThread "Service Thread" daemon [_thread_blocked, id=5356, stack(0x000000176bc00000,0x000000176bd00000)]
  0x0000019b601cbd40 JavaThread "Monitor Deflation Thread" daemon [_thread_blocked, id=9456, stack(0x000000176bd00000,0x000000176be00000)]
  0x0000019b60220870 JavaThread "C2 CompilerThread0" daemon [_thread_blocked, id=6232, stack(0x000000176be00000,0x000000176bf00000)]
  0x0000019b60222d90 JavaThread "C1 CompilerThread0" daemon [_thread_blocked, id=9072, stack(0x000000176bf00000,0x000000176c000000)]
  0x0000019b60234690 JavaThread "Sweeper thread" daemon [_thread_blocked, id=5824, stack(0x000000176c000000,0x000000176c100000)]
  0x0000019b60c67e90 JavaThread "Common-Cleaner" daemon [_thread_blocked, id=9680, stack(0x000000176c100000,0x000000176c200000)]
  0x0000019b60fbe710 JavaThread "Notification Thread" daemon [_thread_blocked, id=9772, stack(0x000000176c300000,0x000000176c400000)]
  0x0000019b60f4c270 JavaThread "QuantumRenderer-0" daemon [_thread_blocked, id=4416, stack(0x000000176c500000,0x000000176c600000)]
  0x0000019b60f4bda0 JavaThread "InvokeLaterDispatcher" daemon [_thread_blocked, id=6772, stack(0x000000176c600000,0x000000176c700000)]
  0x0000019b60f4b8d0 JavaThread "JavaFX Application Thread" [_thread_blocked, id=3132, stack(0x000000176c700000,0x000000176c800000)]
  0x0000019b60f4c740 JavaThread "Thread-1" daemon [_thread_blocked, id=9408, stack(0x000000176c800000,0x000000176c900000)]
  0x0000019b60f4a0c0 JavaThread "JavaFX-Launcher" [_thread_blocked, id=5588, stack(0x000000176c900000,0x000000176ca00000)]
  0x0000019b60f4a590 JavaThread "Prism Font Disposer" daemon [_thread_blocked, id=2244, stack(0x000000176ca00000,0x000000176cb00000)]
  0x0000019b60f4d0e0 JavaThread "Cleaner-0" daemon [_thread_blocked, id=8872, stack(0x000000176ce00000,0x000000176cf00000)]

Other Threads:
=>0x0000019b4955ff00 VMThread "VM Thread" [stack: 0x000000176b700000,0x000000176b800000] [id=9496]
  0x0000019b494f0c30 WatcherThread [stack: 0x000000176c400000,0x000000176c500000] [id=1572]
  0x0000019b494da200 GCTaskThread "GC Thread#0" [stack: 0x000000176b200000,0x000000176b300000] [id=9920]
  0x0000019b60f7cd50 GCTaskThread "GC Thread#1" [stack: 0x000000176c200000,0x000000176c300000] [id=2152]
  0x0000019b494e3a40 ConcurrentGCThread "G1 Main Marker" [stack: 0x000000176b300000,0x000000176b400000] [id=7284]
  0x0000019b494e4450 ConcurrentGCThread "G1 Conc#0" [stack: 0x000000176b400000,0x000000176b500000] [id=7868]
  0x0000019b49530c90 ConcurrentGCThread "G1 Refine#0" [stack: 0x000000176b500000,0x000000176b600000] [id=4124]
  0x0000019b674156e0 ConcurrentGCThread "G1 Refine#1" [stack: 0x000000176cf00000,0x000000176d000000] [id=1608]
  0x0000019b49533570 ConcurrentGCThread "G1 Service" [stack: 0x000000176b600000,0x000000176b700000] [id=5352]

Threads with active compile tasks:

VM state: at safepoint (normal execution)

VM Mutex/Monitor currently owned by a thread:  ([mutex/lock_event])
[0x0000019b49499d50] Threads_lock - owner thread: 0x0000019b4955ff00
[0x0000019b49499ba0] Heap_lock - owner thread: 0x0000019b60f4c270

Heap address: 0x00000000c0000000, size: 1024 MB, Compressed Oops mode: 32-bit

CDS archive(s) not mapped
Compressed class space mapped at: 0x0000000100000000-0x0000000140000000, reserved size: 1073741824
Narrow klass base: 0x0000000000000000, Narrow klass shift: 3, Narrow klass range: 0x140000000

GC Precious Log:
 CPUs: 2 total, 2 available
 Memory: 4094M
 Large Page Support: Disabled
 NUMA Support: Disabled
 Compressed Oops: Enabled (32-bit)
 Heap Region Size: 1M
 Heap Min Capacity: 8M
 Heap Initial Capacity: 64M
 Heap Max Capacity: 1G
 Pre-touch: Disabled
 Parallel Workers: 2
 Concurrent Workers: 1
 Concurrent Refinement Workers: 2
 Periodic GC: Disabled

Heap:
 garbage-first heap   total 27648K, used 11259K [0x00000000c0000000, 0x0000000100000000)
  region size 1024K, 1 young (1024K), 1 survivors (1024K)
 Metaspace       used 24350K, committed 24576K, reserved 1073152K
  class space    used 3148K, committed 3264K, reserved 1048576K

Heap Regions: E=young(eden), S=young(survivor), O=old, HS=humongous(starts), HC=humongous(continues), CS=collection set, F=free, OA=open archive, CA=closed archive, TAMS=top-at-mark-start (previous, next)
|   0|0x00000000c0000000, 0x00000000c0100000, 0x00000000c0100000|100%| O|  |TAMS 0x00000000c0100000, 0x00000000c0000000| Untracked 
|   1|0x00000000c0100000, 0x00000000c0100000, 0x00000000c0200000|  0%| F|  |TAMS 0x00000000c0100000, 0x00000000c0100000| Untracked 
|   2|0x00000000c0200000, 0x00000000c0300000, 0x00000000c0300000|100%| O|  |TAMS 0x00000000c0200000, 0x00000000c0200000| Untracked 
|   3|0x00000000c0300000, 0x00000000c0400000, 0x00000000c0400000|100%| O|  |TAMS 0x00000000c0300000, 0x00000000c0300000| Untracked 
|   4|0x00000000c0400000, 0x00000000c0500000, 0x00000000c0500000|100%| O|  |TAMS 0x00000000c0400000, 0x00000000c0400000| Untracked 
|   5|0x00000000c0500000, 0x00000000c0600000, 0x00000000c0600000|100%| O|  |TAMS 0x00000000c0500000, 0x00000000c0500000| Untracked 
|   6|0x00000000c0600000, 0x00000000c0700000, 0x00000000c0700000|100%| O|  |TAMS 0x00000000c0600000, 0x00000000c0600000| Untracked 
|   7|0x00000000c0700000, 0x00000000c0800000, 0x00000000c0800000|100%|HS|  |TAMS 0x00000000c0700000, 0x00000000c0700000| Complete 
|   8|0x00000000c0800000, 0x00000000c0900000, 0x00000000c0900000|100%|HC|  |TAMS 0x00000000c0800000, 0x00000000c0800000| Complete 
|   9|0x00000000c0900000, 0x00000000c0900000, 0x00000000c0a00000|  0%| F|  |TAMS 0x00000000c0900000, 0x00000000c0900000| Untracked 
|  10|0x00000000c0a00000, 0x00000000c0a00000, 0x00000000c0b00000|  0%| F|  |TAMS 0x00000000c0a00000, 0x00000000c0a00000| Untracked 
|  11|0x00000000c0b00000, 0x00000000c0c00000, 0x00000000c0c00000|100%| O|  |TAMS 0x00000000c0b00000, 0x00000000c0b00000| Untracked 
|  12|0x00000000c0c00000, 0x00000000c0d00000, 0x00000000c0d00000|100%| O|  |TAMS 0x00000000c0c00000, 0x00000000c0c00000| Untracked 
|  13|0x00000000c0d00000, 0x00000000c0d8fa00, 0x00000000c0e00000| 56%| O|  |TAMS 0x00000000c0d00000, 0x00000000c0d00000| Untracked 
|  14|0x00000000c0e00000, 0x00000000c0e00000, 0x00000000c0f00000|  0%| F|  |TAMS 0x00000000c0e00000, 0x00000000c0e00000| Untracked 
|  15|0x00000000c0f00000, 0x00000000c0f00000, 0x00000000c1000000|  0%| F|  |TAMS 0x00000000c0f00000, 0x00000000c0f00000| Untracked 
|  16|0x00000000c1000000, 0x00000000c1000000, 0x00000000c1100000|  0%| F|  |TAMS 0x00000000c1000000, 0x00000000c1000000| Untracked 
|  17|0x00000000c1100000, 0x00000000c1100000, 0x00000000c1200000|  0%| F|  |TAMS 0x00000000c1100000, 0x00000000c1100000| Untracked 
|  18|0x00000000c1200000, 0x00000000c1200000, 0x00000000c1300000|  0%| F|  |TAMS 0x00000000c1200000, 0x00000000c1200000| Untracked 
|  19|0x00000000c1300000, 0x00000000c1300000, 0x00000000c1400000|  0%| F|  |TAMS 0x00000000c1300000, 0x00000000c1300000| Untracked 
|  20|0x00000000c1400000, 0x00000000c1400000, 0x00000000c1500000|  0%| F|  |TAMS 0x00000000c1400000, 0x00000000c1400000| Untracked 
|  30|0x00000000c1e00000, 0x00000000c1e00000, 0x00000000c1f00000|  0%| F|  |TAMS 0x00000000c1e00000, 0x00000000c1e00000| Untracked 
|  31|0x00000000c1f00000, 0x00000000c1f00000, 0x00000000c2000000|  0%| F|  |TAMS 0x00000000c1f00000, 0x00000000c1f00000| Untracked 
|  32|0x00000000c2000000, 0x00000000c2000000, 0x00000000c2100000|  0%| F|  |TAMS 0x00000000c2000000, 0x00000000c2000000| Untracked 
|  33|0x00000000c2100000, 0x00000000c2100000, 0x00000000c2200000|  0%| F|  |TAMS 0x00000000c2100000, 0x00000000c2100000| Untracked 
|  34|0x00000000c2200000, 0x00000000c226f3d0, 0x00000000c2300000| 43%| S|CS|TAMS 0x00000000c2200000, 0x00000000c2200000| Complete 
|  63|0x00000000c3f00000, 0x00000000c3f00000, 0x00000000c4000000|  0%| F|  |TAMS 0x00000000c3f00000, 0x00000000c3f00000| Untracked 

Card table byte_map: [0x0000019b5bb60000,0x0000019b5bd60000] _byte_map_base: 0x0000019b5b560000

Marking Bits (Prev, Next): (CMBitMap*) 0x0000019b494da850, (CMBitMap*) 0x0000019b494da810
 Prev Bits: [0x0000019b5cf60000, 0x0000019b5df60000)
 Next Bits: [0x0000019b5bf60000, 0x0000019b5cf60000)

Polling page: 0x0000019b472f0000

Metaspace:

Usage:
  Non-class:     20.71 MB used.
      Class:      3.07 MB used.
       Both:     23.78 MB used.

Virtual space:
  Non-class space:       24.00 MB reserved,      20.81 MB ( 87%) committed,  3 nodes.
      Class space:        1.00 GB reserved,       3.19 MB ( <1%) committed,  1 nodes.
             Both:        1.02 GB reserved,      24.00 MB (  2%) committed. 

Chunk freelists:
   Non-Class:  3.00 MB
       Class:  848.00 KB
        Both:  3.83 MB

MaxMetaspaceSize: unlimited
CompressedClassSpaceSize: 1.00 GB
Initial GC threshold: 21.00 MB
Current GC threshold: 35.12 MB
CDS: off
MetaspaceReclaimPolicy: balanced
 - commit_granule_bytes: 65536.
 - commit_granule_words: 8192.
 - virtual_space_node_default_size: 1048576.
 - enlarge_chunks_in_place: 1.
 - new_chunks_are_fully_committed: 0.
 - uncommit_free_chunks: 1.
 - use_allocation_guard: 0.
 - handle_deallocations: 1.


Internal statistics:

num_allocs_failed_limit: 3.
num_arena_births: 216.
num_arena_deaths: 0.
num_vsnodes_births: 4.
num_vsnodes_deaths: 0.
num_space_committed: 384.
num_space_uncommitted: 0.
num_chunks_returned_to_freelist: 3.
num_chunks_taken_from_freelist: 780.
num_chunk_merges: 3.
num_chunk_splits: 524.
num_chunks_enlarged: 401.
num_purges: 0.
num_inconsistent_stats: 0.

CodeHeap 'non-profiled nmethods': size=120064Kb used=889Kb max_used=889Kb free=119175Kb
 bounds [0x0000019b54620000, 0x0000019b54890000, 0x0000019b5bb60000]
CodeHeap 'profiled nmethods': size=120000Kb used=5243Kb max_used=5243Kb free=114757Kb
 bounds [0x0000019b4d0f0000, 0x0000019b4d610000, 0x0000019b54620000]
CodeHeap 'non-nmethods': size=5696Kb used=1427Kb max_used=1466Kb free=4268Kb
 bounds [0x0000019b4cb60000, 0x0000019b4cdd0000, 0x0000019b4d0f0000]
 total_blobs=3476 nmethods=2699 adapters=689
 compilation: enabled
              stopped_count=0, restarted_count=0
 full_count=0

Compilation events (20 events):
Event: 2.678 Thread 0x0000019b60222d90 2689       3       com.sun.javafx.font.directwrite.DWFontStrike::getQuantizedPosition (151 bytes)
Event: 2.679 Thread 0x0000019b60222d90 nmethod 2689 0x0000019b4d608b10 code [0x0000019b4d608d00, 0x0000019b4d609118]
Event: 2.679 Thread 0x0000019b60222d90 2690   !   3       com.sun.prism.impl.GlyphCache::getCachedGlyph (491 bytes)
Event: 2.682 Thread 0x0000019b60222d90 nmethod 2690 0x0000019b4d609210 code [0x0000019b4d609740, 0x0000019b4d60c028]
Event: 2.682 Thread 0x0000019b60222d90 2691       1       com.sun.prism.impl.BaseGraphics::setDepthTest (6 bytes)
Event: 2.682 Thread 0x0000019b60222d90 nmethod 2691 0x0000019b546fd410 code [0x0000019b546fd5a0, 0x0000019b546fd678]
Event: 2.682 Thread 0x0000019b60222d90 2692       1       com.sun.javafx.geom.transform.AffineBase::getMyx (5 bytes)
Event: 2.682 Thread 0x0000019b60222d90 nmethod 2692 0x0000019b546fd710 code [0x0000019b546fd8a0, 0x0000019b546fd978]
Event: 2.682 Thread 0x0000019b60222d90 2693       1       com.sun.javafx.geom.transform.AffineBase::getMyy (5 bytes)
Event: 2.682 Thread 0x0000019b60222d90 nmethod 2693 0x0000019b546fda10 code [0x0000019b546fdba0, 0x0000019b546fdc78]
Event: 2.686 Thread 0x0000019b60222d90 2694       3       javafx.scene.layout.Border::isEmpty (30 bytes)
Event: 2.686 Thread 0x0000019b60222d90 nmethod 2694 0x0000019b4d60d510 code [0x0000019b4d60d6c0, 0x0000019b4d60d9f8]
Event: 2.686 Thread 0x0000019b60222d90 2695       3       com.sun.prism.impl.BaseTexture::assertLocked (8 bytes)
Event: 2.686 Thread 0x0000019b60222d90 nmethod 2695 0x0000019b4d60db10 code [0x0000019b4d60dcc0, 0x0000019b4d60df48]
Event: 2.686 Thread 0x0000019b60222d90 2696       1       com.sun.javafx.sg.prism.NGNode::getClipNode (5 bytes)
Event: 2.686 Thread 0x0000019b60222d90 nmethod 2696 0x0000019b546fdd10 code [0x0000019b546fdea0, 0x0000019b546fdf78]
Event: 2.686 Thread 0x0000019b60222d90 2697       3       com.sun.javafx.font.directwrite.IUnknown::<init> (10 bytes)
Event: 2.686 Thread 0x0000019b60222d90 nmethod 2697 0x0000019b4d60e090 code [0x0000019b4d60e220, 0x0000019b4d60e398]
Event: 2.690 Thread 0x0000019b60222d90 2699       3       com.sun.javafx.geom.transform.AffineBase::isTranslateOrIdentity (22 bytes)
Event: 2.691 Thread 0x0000019b60222d90 nmethod 2699 0x0000019b4d60e490 code [0x0000019b4d60e660, 0x0000019b4d60ead8]

GC Heap History (11 events):
Event: 0.283 GC heap before
{Heap before GC invocations=0 (full 0):
 garbage-first heap   total 65536K, used 5120K [0x00000000c0000000, 0x0000000100000000)
  region size 1024K, 6 young (6144K), 0 survivors (0K)
 Metaspace       used 6447K, committed 6528K, reserved 1056768K
  class space    used 564K, committed 576K, reserved 1048576K
}
Event: 0.286 GC heap after
{Heap after GC invocations=1 (full 0):
 garbage-first heap   total 65536K, used 1024K [0x00000000c0000000, 0x0000000100000000)
  region size 1024K, 1 young (1024K), 1 survivors (1024K)
 Metaspace       used 6447K, committed 6528K, reserved 1056768K
  class space    used 564K, committed 576K, reserved 1048576K
}
Event: 0.544 GC heap before
{Heap before GC invocations=1 (full 0):
 garbage-first heap   total 65536K, used 7168K [0x00000000c0000000, 0x0000000100000000)
  region size 1024K, 7 young (7168K), 1 survivors (1024K)
 Metaspace       used 8780K, committed 8960K, reserved 1056768K
  class space    used 833K, committed 896K, reserved 1048576K
}
Event: 0.550 GC heap after
{Heap after GC invocations=2 (full 0):
 garbage-first heap   total 65536K, used 1595K [0x00000000c0000000, 0x0000000100000000)
  region size 1024K, 1 young (1024K), 1 survivors (1024K)
 Metaspace       used 8780K, committed 8960K, reserved 1056768K
  class space    used 833K, committed 896K, reserved 1048576K
}
Event: 0.839 GC heap before
{Heap before GC invocations=2 (full 0):
 garbage-first heap   total 65536K, used 13883K [0x00000000c0000000, 0x0000000100000000)
  region size 1024K, 14 young (14336K), 1 survivors (1024K)
 Metaspace       used 13786K, committed 13952K, reserved 1064960K
  class space    used 1480K, committed 1536K, reserved 1048576K
}
Event: 0.844 GC heap after
{Heap after GC invocations=3 (full 0):
 garbage-first heap   total 65536K, used 3394K [0x00000000c0000000, 0x0000000100000000)
  region size 1024K, 2 young (2048K), 2 survivors (2048K)
 Metaspace       used 13786K, committed 13952K, reserved 1064960K
  class space    used 1480K, committed 1536K, reserved 1048576K
}
Event: 1.919 GC heap before
{Heap before GC invocations=3 (full 0):
 garbage-first heap   total 65536K, used 30018K [0x00000000c0000000, 0x0000000100000000)
  region size 1024K, 29 young (29696K), 2 survivors (2048K)
 Metaspace       used 21271K, committed 21504K, reserved 1073152K
  class space    used 2739K, committed 2880K, reserved 1048576K
}
Event: 1.931 GC heap after
{Heap after GC invocations=4 (full 0):
 garbage-first heap   total 65536K, used 6755K [0x00000000c0000000, 0x0000000100000000)
  region size 1024K, 5 young (5120K), 5 survivors (5120K)
 Metaspace       used 21271K, committed 21504K, reserved 1073152K
  class space    used 2739K, committed 2880K, reserved 1048576K
}
Event: 2.568 GC heap before
{Heap before GC invocations=5 (full 0):
 garbage-first heap   total 27648K, used 16995K [0x00000000c0000000, 0x0000000100000000)
  region size 1024K, 16 young (16384K), 5 survivors (5120K)
 Metaspace       used 24176K, committed 24448K, reserved 1073152K
  class space    used 3130K, committed 3264K, reserved 1048576K
}
Event: 2.584 GC heap after
{Heap after GC invocations=6 (full 0):
 garbage-first heap   total 27648K, used 8730K [0x00000000c0000000, 0x0000000100000000)
  region size 1024K, 2 young (2048K), 2 survivors (2048K)
 Metaspace       used 24176K, committed 24448K, reserved 1073152K
  class space    used 3130K, committed 3264K, reserved 1048576K
}
Event: 2.691 GC heap before
{Heap before GC invocations=6 (full 0):
 garbage-first heap   total 27648K, used 11802K [0x00000000c0000000, 0x0000000100000000)
  region size 1024K, 3 young (3072K), 2 survivors (2048K)
 Metaspace       used 24350K, committed 24576K, reserved 1073152K
  class space    used 3148K, committed 3264K, reserved 1048576K
}

Deoptimization events (20 events):
Event: 2.146 Thread 0x0000019b60f4b8d0 Uncommon trap: trap_request=0xffffff45 fr.pc=0x0000019b54673654 relative=0x00000000000001d4
Event: 2.146 Thread 0x0000019b60f4b8d0 Uncommon trap: reason=unstable_if action=reinterpret pc=0x0000019b54673654 method=java.io.ByteArrayInputStream.read()I @ 8 c2
Event: 2.146 Thread 0x0000019b60f4b8d0 DEOPT PACKING pc=0x0000019b54673654 sp=0x000000176c7fc240
Event: 2.146 Thread 0x0000019b60f4b8d0 DEOPT UNPACKING pc=0x0000019b4cbb5c23 sp=0x000000176c7fc1f8 mode 2
Event: 2.401 Thread 0x0000019b60f4b8d0 Uncommon trap: trap_request=0xffffffc6 fr.pc=0x0000019b546e6ca4 relative=0x00000000000000e4
Event: 2.401 Thread 0x0000019b60f4b8d0 Uncommon trap: reason=bimorphic_or_optimized_type_check action=maybe_recompile pc=0x0000019b546e6ca4 method=javafx.beans.property.DoublePropertyBase.get()D @ 23 c2
Event: 2.401 Thread 0x0000019b60f4b8d0 DEOPT PACKING pc=0x0000019b546e6ca4 sp=0x000000176c7fd660
Event: 2.401 Thread 0x0000019b60f4b8d0 DEOPT UNPACKING pc=0x0000019b4cbb5c23 sp=0x000000176c7fd5f0 mode 2
Event: 2.401 Thread 0x0000019b60f4b8d0 Uncommon trap: trap_request=0xffffffc6 fr.pc=0x0000019b546e6ca4 relative=0x00000000000000e4
Event: 2.401 Thread 0x0000019b60f4b8d0 Uncommon trap: reason=bimorphic_or_optimized_type_check action=maybe_recompile pc=0x0000019b546e6ca4 method=javafx.beans.property.DoublePropertyBase.get()D @ 23 c2
Event: 2.401 Thread 0x0000019b60f4b8d0 DEOPT PACKING pc=0x0000019b546e6ca4 sp=0x000000176c7fd650
Event: 2.401 Thread 0x0000019b60f4b8d0 DEOPT UNPACKING pc=0x0000019b4cbb5c23 sp=0x000000176c7fd5e0 mode 2
Event: 2.401 Thread 0x0000019b60f4b8d0 Uncommon trap: trap_request=0xffffffc6 fr.pc=0x0000019b546e6ca4 relative=0x00000000000000e4
Event: 2.401 Thread 0x0000019b60f4b8d0 Uncommon trap: reason=bimorphic_or_optimized_type_check action=maybe_recompile pc=0x0000019b546e6ca4 method=javafx.beans.property.DoublePropertyBase.get()D @ 23 c2
Event: 2.401 Thread 0x0000019b60f4b8d0 DEOPT PACKING pc=0x0000019b546e6ca4 sp=0x000000176c7fd5f0
Event: 2.401 Thread 0x0000019b60f4b8d0 DEOPT UNPACKING pc=0x0000019b4cbb5c23 sp=0x000000176c7fd580 mode 2
Event: 2.401 Thread 0x0000019b60f4b8d0 Uncommon trap: trap_request=0xffffffc6 fr.pc=0x0000019b546e6ca4 relative=0x00000000000000e4
Event: 2.401 Thread 0x0000019b60f4b8d0 Uncommon trap: reason=bimorphic_or_optimized_type_check action=maybe_recompile pc=0x0000019b546e6ca4 method=javafx.beans.property.DoublePropertyBase.get()D @ 23 c2
Event: 2.401 Thread 0x0000019b60f4b8d0 DEOPT PACKING pc=0x0000019b546e6ca4 sp=0x000000176c7fd5e0
Event: 2.401 Thread 0x0000019b60f4b8d0 DEOPT UNPACKING pc=0x0000019b4cbb5c23 sp=0x000000176c7fd570 mode 2

Classes unloaded (0 events):
No events

Classes redefined (0 events):
No events

Internal exceptions (20 events):
Event: 1.359 Thread 0x0000019b60f4b8d0 Implicit null exception at 0x0000019b5465b6e0 to 0x0000019b5465b77a
Event: 1.372 Thread 0x0000019b60f4b8d0 Implicit null exception at 0x0000019b5467468f to 0x0000019b54674ac4
Event: 1.374 Thread 0x0000019b60f4b8d0 Implicit null exception at 0x0000019b5467398f to 0x0000019b54673d98
Event: 1.389 Thread 0x0000019b60f4b8d0 Exception <a 'java/lang/ClassNotFoundException'{0x00000000c328f220}: com/sun/javafx/scene/control/skin/resources/controls-nt> (0x00000000c328f220) 
thrown [e:\jenkins\tmp\workspace\build\src\src\hotspot\share\prims\jni.cpp, line 535]
Event: 1.396 Thread 0x0000019b60f4b8d0 Exception <a 'java/lang/ClassNotFoundException'{0x00000000c329b4e0}: com/sun/javafx/scene/control/skin/resources/controls-nt_en> (0x00000000c329b4e0) 
thrown [e:\jenkins\tmp\workspace\build\src\src\hotspot\share\prims\jni.cpp, line 535]
Event: 1.397 Thread 0x0000019b60f4b8d0 Exception <a 'java/lang/ClassNotFoundException'{0x00000000c329c4c8}: com/sun/javafx/scene/control/skin/resources/controls-nt_en_US> (0x00000000c329c4c8) 
thrown [e:\jenkins\tmp\workspace\build\src\src\hotspot\share\prims\jni.cpp, line 535]
Event: 1.565 Thread 0x0000019b60f4b8d0 Exception <a 'java/io/FileNotFoundException'{0x00000000c2d7c380}> (0x00000000c2d7c380) 
thrown [e:\jenkins\tmp\workspace\build\src\src\hotspot\share\prims\jni.cpp, line 516]
Event: 1.661 Thread 0x0000019b60f4b8d0 Exception <a 'java/lang/NoSuchMethodError'{0x00000000c2b4aaa0}: 'java.lang.Object java.lang.invoke.DirectMethodHandle$Holder.invokeInterface(java.lang.Object, java.lang.Object, java.lang.Object)'> (0x00000000c2b4aaa0) 
thrown [e:\jenkins\tmp\workspace\build\src\src\hotspot\share\interpreter\linkResolver.cpp, line 766]
Event: 1.662 Thread 0x0000019b60f4b8d0 Exception <a 'java/lang/IncompatibleClassChangeError'{0x00000000c2b4e428}: Found class java.lang.Object, but interface was expected> (0x00000000c2b4e428) 
thrown [e:\jenkins\tmp\workspace\build\src\src\hotspot\share\interpreter\linkResolver.cpp, line 833]
Event: 1.756 Thread 0x0000019b60f4b8d0 Exception <a 'java/lang/NoSuchMethodError'{0x00000000c2929398}: 'void java.lang.invoke.DirectMethodHandle$Holder.invokeSpecialIFC(java.lang.Object, java.lang.Object, java.lang.Object, java.lang.Object)'> (0x00000000c2929398) 
thrown [e:\jenkins\tmp\workspace\build\src\src\hotspot\share\interpreter\linkResolver.cpp, line 766]
Event: 1.795 Thread 0x0000019b60f4b8d0 Exception <a 'java/lang/ClassNotFoundException'{0x00000000c28d03b8}: com/sun/javafx/scene/control/skin/resources/controls> (0x00000000c28d03b8) 
thrown [e:\jenkins\tmp\workspace\build\src\src\hotspot\share\prims\jni.cpp, line 535]
Event: 1.796 Thread 0x0000019b60f4b8d0 Exception <a 'java/lang/ClassNotFoundException'{0x00000000c28de170}: com/sun/javafx/scene/control/skin/resources/controls_en> (0x00000000c28de170) 
thrown [e:\jenkins\tmp\workspace\build\src\src\hotspot\share\prims\jni.cpp, line 535]
Event: 1.796 Thread 0x0000019b60f4b8d0 Exception <a 'java/lang/ClassNotFoundException'{0x00000000c28df3c0}: com/sun/javafx/scene/control/skin/resources/controls_en_US> (0x00000000c28df3c0) 
thrown [e:\jenkins\tmp\workspace\build\src\src\hotspot\share\prims\jni.cpp, line 535]
Event: 1.839 Thread 0x0000019b60f4b8d0 Exception <a 'java/lang/NoSuchMethodError'{0x00000000c2658840}: 'void java.lang.invoke.DirectMethodHandle$Holder.invokeSpecial(java.lang.Object, java.lang.Object, java.lang.Object, java.lang.Object, java.lang.Object, java.lang.Object)'> (0x00000000c2658840) 
thrown [e:\jenkins\tmp\workspace\build\src\src\hotspot\share\interpreter\linkResolver.cpp, line 766]
Event: 2.349 Thread 0x0000019b60f4b8d0 Exception <a 'java/lang/NoSuchMethodError'{0x00000000c0f06008}: 'java.lang.Object java.lang.invoke.DirectMethodHandle$Holder.newInvokeSpecial(java.lang.Object, java.lang.Object, int)'> (0x00000000c0f06008) 
thrown [e:\jenkins\tmp\workspace\build\src\src\hotspot\share\interpreter\linkResolver.cpp, line 766]
Event: 2.380 Thread 0x0000019b60f4b8d0 Exception <a 'java/lang/NoSuchMethodError'{0x00000000c0f29560}: 'long java.lang.invoke.DirectMethodHandle$Holder.invokeStatic(java.lang.Object, java.lang.Object, java.lang.Object)'> (0x00000000c0f29560) 
thrown [e:\jenkins\tmp\workspace\build\src\src\hotspot\share\interpreter\linkResolver.cpp, line 766]
Event: 2.380 Thread 0x0000019b60f4b8d0 Exception <a 'java/lang/NoSuchMethodError'{0x00000000c0f2cd08}: 'long java.lang.invoke.DirectMethodHandle$Holder.invokeStaticInit(java.lang.Object, java.lang.Object, java.lang.Object)'> (0x00000000c0f2cd08) 
thrown [e:\jenkins\tmp\workspace\build\src\src\hotspot\share\interpreter\linkResolver.cpp, line 766]
Event: 2.383 Thread 0x0000019b60f4b8d0 Exception <a 'java/lang/NoSuchMethodError'{0x00000000c0f44910}: 'java.lang.Object java.lang.invoke.DirectMethodHandle$Holder.newInvokeSpecial(java.lang.Object, java.lang.Object, long)'> (0x00000000c0f44910) 
thrown [e:\jenkins\tmp\workspace\build\src\src\hotspot\share\interpreter\linkResolver.cpp, line 766]
Event: 2.383 Thread 0x0000019b60f4b8d0 Exception <a 'java/lang/NoSuchMethodError'{0x00000000c0f48480}: 'java.lang.Object java.lang.invoke.Invokers$Holder.linkToTargetMethod(java.lang.Object, long, java.lang.Object)'> (0x00000000c0f48480) 
thrown [e:\jenkins\tmp\workspace\build\src\src\hotspot\share\interpreter\linkResolver.cpp, line 766]
Event: 2.429 Thread 0x0000019b60f4c270 Exception <a 'java/lang/NoSuchMethodError'{0x00000000c0e86520}: 'int java.lang.invoke.DirectMethodHandle$Holder.invokeStaticInit(java.lang.Object, java.lang.Object)'> (0x00000000c0e86520) 
thrown [e:\jenkins\tmp\workspace\build\src\src\hotspot\share\interpreter\linkResolver.cpp, line 766]

VM Operations (20 events):
Event: 1.359 Executing VM operation: ICBufferFull done
Event: 1.598 Executing VM operation: HandshakeAllThreads
Event: 1.598 Executing VM operation: HandshakeAllThreads done
Event: 1.800 Executing VM operation: ICBufferFull
Event: 1.800 Executing VM operation: ICBufferFull done
Event: 1.838 Executing VM operation: HandshakeAllThreads
Event: 1.838 Executing VM operation: HandshakeAllThreads done
Event: 1.919 Executing VM operation: CollectForMetadataAllocation
Event: 1.933 Executing VM operation: CollectForMetadataAllocation done
Event: 1.939 Executing VM operation: G1Concurrent
Event: 1.941 Executing VM operation: G1Concurrent done
Event: 1.943 Executing VM operation: G1Concurrent
Event: 1.945 Executing VM operation: G1Concurrent done
Event: 2.030 Executing VM operation: HandshakeAllThreads
Event: 2.030 Executing VM operation: HandshakeAllThreads done
Event: 2.284 Executing VM operation: ICBufferFull
Event: 2.285 Executing VM operation: ICBufferFull done
Event: 2.568 Executing VM operation: G1CollectForAllocation
Event: 2.584 Executing VM operation: G1CollectForAllocation done
Event: 2.691 Executing VM operation: G1CollectForAllocation

Events (20 events):
Event: 2.379 loading class java/util/concurrent/ConcurrentLinkedQueue done
Event: 2.379 loading class java/util/concurrent/ConcurrentLinkedQueue$Node
Event: 2.379 loading class java/util/concurrent/ConcurrentLinkedQueue$Node done
Event: 2.464 loading class java/nio/ShortBuffer
Event: 2.465 loading class java/nio/ShortBuffer done
Event: 2.465 loading class java/nio/FloatBuffer
Event: 2.465 loading class java/nio/FloatBuffer done
Event: 2.465 loading class java/nio/DoubleBuffer
Event: 2.465 loading class java/nio/DoubleBuffer done
Event: 2.465 loading class java/nio/DirectFloatBufferU
Event: 2.466 loading class java/nio/DirectFloatBufferU done
Event: 2.545 loading class jdk/internal/ref/CleanerImpl$InnocuousThreadFactory
Event: 2.545 loading class jdk/internal/ref/CleanerImpl$InnocuousThreadFactory done
Event: 2.545 Thread 0x0000019b60f4d0e0 Thread added: 0x0000019b60f4d0e0
Event: 2.553 loading class sun/misc/Unsafe
Event: 2.554 loading class sun/misc/Unsafe done
Event: 2.554 loading class jdk/internal/reflect/UnsafeQualifiedStaticObjectFieldAccessorImpl
Event: 2.554 loading class jdk/internal/reflect/UnsafeQualifiedStaticFieldAccessorImpl
Event: 2.554 loading class jdk/internal/reflect/UnsafeQualifiedStaticFieldAccessorImpl done
Event: 2.554 loading class jdk/internal/reflect/UnsafeQualifiedStaticObjectFieldAccessorImpl done


Dynamic libraries:
0x00007ff6e9100000 - 0x00007ff6e910e000 	C:\Program Files\Eclipse\plugins\org.eclipse.justj.openjdk.hotspot.jre.full.win32.x86_64_17.0.3.v20220515-1416\jre\bin\javaw.exe
0x00007ffbd1bc0000 - 0x00007ffbd1dc9000 	C:\Windows\SYSTEM32\ntdll.dll
0x00007ffbd0010000 - 0x00007ffbd00ce000 	C:\Windows\System32\KERNEL32.DLL
0x00007ffbcf100000 - 0x00007ffbcf47b000 	C:\Windows\System32\KERNELBASE.dll
0x00007ffbcf7b0000 - 0x00007ffbcf8c1000 	C:\Windows\System32\ucrtbase.dll
0x00007ffbb5460000 - 0x00007ffbb5478000 	C:\Program Files\Eclipse\plugins\org.eclipse.justj.openjdk.hotspot.jre.full.win32.x86_64_17.0.3.v20220515-1416\jre\bin\jli.dll
0x00007ffbcfa50000 - 0x00007ffbcfbfd000 	C:\Windows\System32\USER32.dll
0x00007ffbcf780000 - 0x00007ffbcf7a6000 	C:\Windows\System32\win32u.dll
0x00007ffbcfd70000 - 0x00007ffbcfd99000 	C:\Windows\System32\GDI32.dll
0x00007ffbcf660000 - 0x00007ffbcf778000 	C:\Windows\System32\gdi32full.dll
0x00007ffbcf540000 - 0x00007ffbcf5dd000 	C:\Windows\System32\msvcp_win.dll
0x00007ffbc3410000 - 0x00007ffbc3429000 	C:\Program Files\Eclipse\plugins\org.eclipse.justj.openjdk.hotspot.jre.full.win32.x86_64_17.0.3.v20220515-1416\jre\bin\VCRUNTIME140.dll
0x00007ffbabcb0000 - 0x00007ffbabf55000 	C:\Windows\WinSxS\amd64_microsoft.windows.common-controls_6595b64144ccf1df_6.0.22000.120_none_9d947278b86cc467\COMCTL32.dll
0x00007ffbcfc60000 - 0x00007ffbcfd03000 	C:\Windows\System32\msvcrt.dll
0x00007ffbd1950000 - 0x00007ffbd1982000 	C:\Windows\System32\IMM32.DLL
0x00007ffbc3400000 - 0x00007ffbc340c000 	C:\Program Files\Eclipse\plugins\org.eclipse.justj.openjdk.hotspot.jre.full.win32.x86_64_17.0.3.v20220515-1416\jre\bin\vcruntime140_1.dll
0x00007ffbb4870000 - 0x00007ffbb4901000 	C:\Program Files\Eclipse\plugins\org.eclipse.justj.openjdk.hotspot.jre.full.win32.x86_64_17.0.3.v20220515-1416\jre\bin\msvcp140.dll
0x00007ffb82740000 - 0x00007ffb83388000 	C:\Program Files\Eclipse\plugins\org.eclipse.justj.openjdk.hotspot.jre.full.win32.x86_64_17.0.3.v20220515-1416\jre\bin\server\jvm.dll
0x00007ffbd02a0000 - 0x00007ffbd034e000 	C:\Windows\System32\ADVAPI32.dll
0x00007ffbd1730000 - 0x00007ffbd17ce000 	C:\Windows\System32\sechost.dll
0x00007ffbd1830000 - 0x00007ffbd1950000 	C:\Windows\System32\RPCRT4.dll
0x00007ffbd01f0000 - 0x00007ffbd01f8000 	C:\Windows\System32\PSAPI.DLL
0x00007ffbc3470000 - 0x00007ffbc3479000 	C:\Windows\SYSTEM32\WSOCK32.dll
0x00007ffbcffa0000 - 0x00007ffbd000f000 	C:\Windows\System32\WS2_32.dll
0x00007ffbc5fb0000 - 0x00007ffbc5fe3000 	C:\Windows\SYSTEM32\WINMM.dll
0x00007ffbc5470000 - 0x00007ffbc547a000 	C:\Windows\SYSTEM32\VERSION.dll
0x00007ffbce110000 - 0x00007ffbce128000 	C:\Windows\SYSTEM32\kernel.appcore.dll
0x00007ffbbbad0000 - 0x00007ffbbbada000 	C:\Program Files\Eclipse\plugins\org.eclipse.justj.openjdk.hotspot.jre.full.win32.x86_64_17.0.3.v20220515-1416\jre\bin\jimage.dll
0x00007ffbbe4d0000 - 0x00007ffbbe6f1000 	C:\Windows\SYSTEM32\DBGHELP.DLL
0x00007ffbc3750000 - 0x00007ffbc3781000 	C:\Windows\SYSTEM32\dbgcore.DLL
0x00007ffbcf5e0000 - 0x00007ffbcf65f000 	C:\Windows\System32\bcryptPrimitives.dll
0x00007ffbb53f0000 - 0x00007ffbb5415000 	C:\Program Files\Eclipse\plugins\org.eclipse.justj.openjdk.hotspot.jre.full.win32.x86_64_17.0.3.v20220515-1416\jre\bin\java.dll
0x00007ffbb6be0000 - 0x00007ffbb6bf8000 	C:\Program Files\Eclipse\plugins\org.eclipse.justj.openjdk.hotspot.jre.full.win32.x86_64_17.0.3.v20220515-1416\jre\bin\zip.dll
0x00007ffbd0360000 - 0x00007ffbd0b18000 	C:\Windows\System32\SHELL32.dll
0x00007ffbcd180000 - 0x00007ffbcd9e5000 	C:\Windows\SYSTEM32\windows.storage.dll
0x00007ffbd0b20000 - 0x00007ffbd0e98000 	C:\Windows\System32\combase.dll
0x00007ffbcd010000 - 0x00007ffbcd176000 	C:\Windows\SYSTEM32\wintypes.dll
0x00007ffbcfe90000 - 0x00007ffbcff7a000 	C:\Windows\System32\SHCORE.dll
0x00007ffbcfc00000 - 0x00007ffbcfc5d000 	C:\Windows\System32\shlwapi.dll
0x00007ffbcefc0000 - 0x00007ffbcefe1000 	C:\Windows\SYSTEM32\profapi.dll
0x00007ffbb53d0000 - 0x00007ffbb53e9000 	C:\Program Files\Eclipse\plugins\org.eclipse.justj.openjdk.hotspot.jre.full.win32.x86_64_17.0.3.v20220515-1416\jre\bin\net.dll
0x00007ffbc7950000 - 0x00007ffbc7a64000 	C:\Windows\SYSTEM32\WINHTTP.dll
0x00007ffbce5b0000 - 0x00007ffbce617000 	C:\Windows\system32\mswsock.dll
0x00007ffbb53b0000 - 0x00007ffbb53c5000 	C:\Program Files\Eclipse\plugins\org.eclipse.justj.openjdk.hotspot.jre.full.win32.x86_64_17.0.3.v20220515-1416\jre\bin\nio.dll
0x0000019b47330000 - 0x0000019b47333000 	C:\JavaFX\javafx-sdk-16\bin\api-ms-win-core-console-l1-1-0.dll
0x0000019b47470000 - 0x0000019b47473000 	C:\JavaFX\javafx-sdk-16\bin\api-ms-win-core-console-l1-2-0.dll
0x0000019b47480000 - 0x0000019b47483000 	C:\JavaFX\javafx-sdk-16\bin\api-ms-win-core-datetime-l1-1-0.dll
0x0000019b47490000 - 0x0000019b47493000 	C:\JavaFX\javafx-sdk-16\bin\api-ms-win-core-debug-l1-1-0.dll
0x0000019b474a0000 - 0x0000019b474a3000 	C:\JavaFX\javafx-sdk-16\bin\api-ms-win-core-errorhandling-l1-1-0.dll
0x0000019b474b0000 - 0x0000019b474b4000 	C:\JavaFX\javafx-sdk-16\bin\api-ms-win-core-file-l1-1-0.dll
0x0000019b474c0000 - 0x0000019b474c3000 	C:\JavaFX\javafx-sdk-16\bin\api-ms-win-core-file-l1-2-0.dll
0x0000019b493a0000 - 0x0000019b493a3000 	C:\JavaFX\javafx-sdk-16\bin\api-ms-win-core-file-l2-1-0.dll
0x0000019b493b0000 - 0x0000019b493b3000 	C:\JavaFX\javafx-sdk-16\bin\api-ms-win-core-handle-l1-1-0.dll
0x0000019b493c0000 - 0x0000019b493c3000 	C:\JavaFX\javafx-sdk-16\bin\api-ms-win-core-heap-l1-1-0.dll
0x0000019b493d0000 - 0x0000019b493d3000 	C:\JavaFX\javafx-sdk-16\bin\api-ms-win-core-interlocked-l1-1-0.dll
0x0000019b493e0000 - 0x0000019b493e3000 	C:\JavaFX\javafx-sdk-16\bin\api-ms-win-core-libraryloader-l1-1-0.dll
0x0000019b493f0000 - 0x0000019b493f3000 	C:\JavaFX\javafx-sdk-16\bin\api-ms-win-core-localization-l1-2-0.dll
0x0000019b49400000 - 0x0000019b49403000 	C:\JavaFX\javafx-sdk-16\bin\api-ms-win-core-memory-l1-1-0.dll
0x0000019b49410000 - 0x0000019b49413000 	C:\JavaFX\javafx-sdk-16\bin\api-ms-win-core-namedpipe-l1-1-0.dll
0x0000019b49420000 - 0x0000019b49423000 	C:\JavaFX\javafx-sdk-16\bin\api-ms-win-core-processenvironment-l1-1-0.dll
0x0000019b49430000 - 0x0000019b49433000 	C:\JavaFX\javafx-sdk-16\bin\api-ms-win-core-processthreads-l1-1-0.dll
0x0000019b49440000 - 0x0000019b49443000 	C:\JavaFX\javafx-sdk-16\bin\api-ms-win-core-processthreads-l1-1-1.dll
0x0000019b49450000 - 0x0000019b49453000 	C:\JavaFX\javafx-sdk-16\bin\api-ms-win-core-profile-l1-1-0.dll
0x0000019b49460000 - 0x0000019b49463000 	C:\JavaFX\javafx-sdk-16\bin\api-ms-win-core-rtlsupport-l1-1-0.dll
0x0000019b49470000 - 0x0000019b49473000 	C:\JavaFX\javafx-sdk-16\bin\api-ms-win-core-string-l1-1-0.dll
0x0000019b60370000 - 0x0000019b60373000 	C:\JavaFX\javafx-sdk-16\bin\api-ms-win-core-synch-l1-1-0.dll
0x0000019b60380000 - 0x0000019b60383000 	C:\JavaFX\javafx-sdk-16\bin\api-ms-win-core-synch-l1-2-0.dll
0x0000019b60390000 - 0x0000019b60393000 	C:\JavaFX\javafx-sdk-16\bin\api-ms-win-core-sysinfo-l1-1-0.dll
0x0000019b603a0000 - 0x0000019b603a3000 	C:\JavaFX\javafx-sdk-16\bin\api-ms-win-core-timezone-l1-1-0.dll
0x0000019b603b0000 - 0x0000019b603b3000 	C:\JavaFX\javafx-sdk-16\bin\api-ms-win-core-util-l1-1-0.dll
0x0000019b603c0000 - 0x0000019b603c3000 	C:\JavaFX\javafx-sdk-16\bin\api-ms-win-crt-conio-l1-1-0.dll
0x0000019b603d0000 - 0x0000019b603d4000 	C:\JavaFX\javafx-sdk-16\bin\api-ms-win-crt-convert-l1-1-0.dll
0x0000019b603e0000 - 0x0000019b603e3000 	C:\JavaFX\javafx-sdk-16\bin\api-ms-win-crt-environment-l1-1-0.dll
0x0000019b603f0000 - 0x0000019b603f3000 	C:\JavaFX\javafx-sdk-16\bin\api-ms-win-crt-filesystem-l1-1-0.dll
0x0000019b61800000 - 0x0000019b61803000 	C:\JavaFX\javafx-sdk-16\bin\api-ms-win-crt-heap-l1-1-0.dll
0x0000019b61810000 - 0x0000019b61813000 	C:\JavaFX\javafx-sdk-16\bin\api-ms-win-crt-locale-l1-1-0.dll
0x0000019b61820000 - 0x0000019b61825000 	C:\JavaFX\javafx-sdk-16\bin\api-ms-win-crt-math-l1-1-0.dll
0x0000019b61830000 - 0x0000019b61835000 	C:\JavaFX\javafx-sdk-16\bin\api-ms-win-crt-multibyte-l1-1-0.dll
0x0000019b61840000 - 0x0000019b61850000 	C:\JavaFX\javafx-sdk-16\bin\api-ms-win-crt-private-l1-1-0.dll
0x0000019b61850000 - 0x0000019b61853000 	C:\JavaFX\javafx-sdk-16\bin\api-ms-win-crt-process-l1-1-0.dll
0x0000019b61860000 - 0x0000019b61864000 	C:\JavaFX\javafx-sdk-16\bin\api-ms-win-crt-runtime-l1-1-0.dll
0x0000019b61870000 - 0x0000019b61874000 	C:\JavaFX\javafx-sdk-16\bin\api-ms-win-crt-stdio-l1-1-0.dll
0x0000019b61880000 - 0x0000019b61884000 	C:\JavaFX\javafx-sdk-16\bin\api-ms-win-crt-string-l1-1-0.dll
0x0000019b61890000 - 0x0000019b61893000 	C:\JavaFX\javafx-sdk-16\bin\api-ms-win-crt-time-l1-1-0.dll
0x0000019b618a0000 - 0x0000019b618a3000 	C:\JavaFX\javafx-sdk-16\bin\api-ms-win-crt-utility-l1-1-0.dll
0x00007ffbb2ad0000 - 0x00007ffbb2bcc000 	C:\JavaFX\javafx-sdk-16\bin\ucrtbase.dll
0x00007ffbc3430000 - 0x00007ffbc3449000 	C:\JavaFX\javafx-sdk-16\bin\vcruntime140.dll
0x00007ffbc3460000 - 0x00007ffbc346c000 	C:\JavaFX\javafx-sdk-16\bin\vcruntime140_1.dll
0x00007ffbb4ac0000 - 0x00007ffbb4b51000 	C:\JavaFX\javafx-sdk-16\bin\msvcp140.dll
0x00007ffbb50e0000 - 0x00007ffbb5107000 	C:\JavaFX\javafx-sdk-16\bin\prism_d3d.dll
0x00007ffbafc40000 - 0x00007ffbafde6000 	C:\Windows\system32\d3d9.dll
0x00007ffbcca00000 - 0x00007ffbcca2f000 	C:\Windows\SYSTEM32\dwmapi.dll
0x00007ffbcc880000 - 0x00007ffbcc8b8000 	C:\Windows\SYSTEM32\dxcore.dll
0x00007ffbcc790000 - 0x00007ffbcc83c000 	C:\Windows\system32\uxtheme.dll
0x00007ffbcac00000 - 0x00007ffbcac44000 	C:\Windows\SYSTEM32\directxdatabasehelper.dll
0x00007ffbce130000 - 0x00007ffbce164000 	C:\Windows\SYSTEM32\ntmarta.dll
0x00007ffbb4930000 - 0x00007ffbb4972000 	C:\JavaFX\javafx-sdk-16\bin\glass.dll
0x00007ffbcfda0000 - 0x00007ffbcfe8c000 	C:\Windows\System32\COMDLG32.dll
0x00007ffbd1590000 - 0x00007ffbd172a000 	C:\Windows\System32\ole32.dll
0x00007ffbd1aa0000 - 0x00007ffbd1b76000 	C:\Windows\System32\OLEAUT32.dll
0x00007ffbd00d0000 - 0x00007ffbd01ed000 	C:\Windows\System32\MSCTF.dll
0x00007ffbc9820000 - 0x00007ffbc9f22000 	C:\Windows\SYSTEM32\d3d10warp.dll
0x00007ffbb5320000 - 0x00007ffbb5334000 	C:\JavaFX\javafx-sdk-16\bin\javafx_font.dll
0x00007ffbbe110000 - 0x00007ffbbe36f000 	C:\Windows\SYSTEM32\dwrite.dll
0x00007ffbd14d0000 - 0x00007ffbd1585000 	C:\Windows\System32\clbcatq.dll
0x00007ffbc9500000 - 0x00007ffbc96ae000 	C:\Windows\SYSTEM32\WindowsCodecs.dll
0x00007ffba78f0000 - 0x00007ffba794d000 	C:\Windows\system32\dataexchange.dll
0x00007ffbc9130000 - 0x00007ffbc9396000 	C:\Windows\system32\twinapi.appcore.dll
0x00007ffbb47e0000 - 0x00007ffbb4812000 	C:\Program Files\Common Files\Microsoft Shared\Ink\rtscom.dll
0x00007ffbbd3a0000 - 0x00007ffbbd4cd000 	C:\Windows\SYSTEM32\textinputframework.dll
0x00007ffbcbed0000 - 0x00007ffbcc001000 	C:\Windows\SYSTEM32\CoreMessaging.dll
0x00007ffbca600000 - 0x00007ffbca96d000 	C:\Windows\SYSTEM32\CoreUIComponents.dll
0x00007ffbce810000 - 0x00007ffbce81c000 	C:\Windows\SYSTEM32\CRYPTBASE.DLL
0x00007ffbcb0a0000 - 0x00007ffbcb658000 	C:\Windows\SYSTEM32\d2d1.dll
0x00007ffbc9f30000 - 0x00007ffbca1b0000 	C:\Windows\SYSTEM32\d3d11.dll
0x00007ffbcc8c0000 - 0x00007ffbcc9b3000 	C:\Windows\SYSTEM32\dxgi.dll

dbghelp: loaded successfully - version: 4.0.5 - missing functions: none
symbol engine: initialized successfully - sym options: 0x614 - pdb path: .;C:\Program Files\Eclipse\plugins\org.eclipse.justj.openjdk.hotspot.jre.full.win32.x86_64_17.0.3.v20220515-1416\jre\bin;C:\Windows\SYSTEM32;C:\Windows\WinSxS\amd64_microsoft.windows.common-controls_6595b64144ccf1df_6.0.22000.120_none_9d947278b86cc467;C:\Program Files\Eclipse\plugins\org.eclipse.justj.openjdk.hotspot.jre.full.win32.x86_64_17.0.3.v20220515-1416\jre\bin\server;C:\JavaFX\javafx-sdk-16\bin;C:\Program Files\Common Files\Microsoft Shared\Ink

VM Arguments:
jvm_args: -Dfile.encoding=UTF-8 --module-path=C:\Users\CS219-user\eclipse-workspace\AFinalProject\bin;C:\Program Files\Eclipse\plugins\org.junit_4.13.2.v20211018-1956.jar;C:\Program Files\Eclipse\plugins\org.hamcrest.core_1.3.0.v20180420-1519.jar;C:\JavaFX\javafx-sdk-16\lib\javafx-swt.jar;C:\JavaFX\javafx-sdk-16\lib\javafx.base.jar;C:\JavaFX\javafx-sdk-16\lib\javafx.controls.jar;C:\JavaFX\javafx-sdk-16\lib\javafx.fxml.jar;C:\JavaFX\javafx-sdk-16\lib\javafx.graphics.jar;C:\JavaFX\javafx-sdk-16\lib\javafx.media.jar;C:\JavaFX\javafx-sdk-16\lib\javafx.swing.jar;C:\JavaFX\javafx-sdk-16\lib\javafx.web.jar;C:\Program Files\Eclipse\plugins\org.eclipse.fx.ide.css.jfx8_3.8.0.202204150904.jar -XX:+ShowCodeDetailsInExceptionMessages -Djdk.module.main=FinalProject 
java_command: FinalProject/application.Main
java_class_path (initial): <not set>
Launcher Type: SUN_STANDARD

[Global flags]
     intx CICompilerCount                          = 2                                         {product} {ergonomic}
     uint ConcGCThreads                            = 1                                         {product} {ergonomic}
     uint G1ConcRefinementThreads                  = 2                                         {product} {ergonomic}
   size_t G1HeapRegionSize                         = 1048576                                   {product} {ergonomic}
    uintx GCDrainStackTargetSize                   = 64                                        {product} {ergonomic}
   size_t InitialHeapSize                          = 67108864                                  {product} {ergonomic}
   size_t MarkStackSize                            = 4194304                                   {product} {ergonomic}
   size_t MaxHeapSize                              = 1073741824                                {product} {ergonomic}
   size_t MaxNewSize                               = 643825664                                 {product} {ergonomic}
   size_t MinHeapDeltaBytes                        = 1048576                                   {product} {ergonomic}
   size_t MinHeapSize                              = 8388608                                   {product} {ergonomic}
    uintx NonNMethodCodeHeapSize                   = 5826188                                {pd product} {ergonomic}
    uintx NonProfiledCodeHeapSize                  = 122916026                              {pd product} {ergonomic}
    uintx ProfiledCodeHeapSize                     = 122916026                              {pd product} {ergonomic}
    uintx ReservedCodeCacheSize                    = 251658240                              {pd product} {ergonomic}
     bool SegmentedCodeCache                       = true                                      {product} {ergonomic}
     bool ShowCodeDetailsInExceptionMessages       = true                                   {manageable} {command line}
   size_t SoftMaxHeapSize                          = 1073741824                             {manageable} {ergonomic}
     bool UseCompressedClassPointers               = true                           {product lp64_product} {ergonomic}
     bool UseCompressedOops                        = true                           {product lp64_product} {ergonomic}
     bool UseG1GC                                  = true                                      {product} {ergonomic}
     bool UseLargePagesIndividualAllocation        = false                                  {pd product} {ergonomic}

Logging:
Log output configuration:
 #0: stdout all=warning uptime,level,tags
 #1: stderr all=off uptime,level,tags

Environment Variables:
PATH=C:/Program Files/eclipse//plugins/org.eclipse.justj.openjdk.hotspot.jre.full.win32.x86_64_17.0.3.v20220515-1416/jre/bin/server;C:/Program Files/eclipse//plugins/org.eclipse.justj.openjdk.hotspot.jre.full.win32.x86_64_17.0.3.v20220515-1416/jre/bin;C:\Program Files\Common Files\Oracle\Java\javapath;C:\Windows\system32;C:\Windows;C:\Windows\System32\Wbem;C:\Windows\System32\WindowsPowerShell\v1.0\;C:\Windows\System32\OpenSSH\;C:\Users\CS219-user\AppData\Local\Microsoft\WindowsApps;C:\Users\CS219-user\AppData\Local\Programs\Git\cmd;C:\Program Files\eclipse;
USERNAME=CS219-user
OS=Windows_NT
PROCESSOR_IDENTIFIER=Intel64 Family 6 Model 85 Stepping 7, GenuineIntel



---------------  S Y S T E M  ---------------

OS:
 Windows 11 , 64 bit Build 22000 (10.0.22000.1219)
OS uptime: 0 days 3:55 hours
Hyper-V virtualization detected

CPU: total 2 (initial active 2) (1 cores per cpu, 2 threads per core) family 6 model 85 stepping 7 microcode 0xffffffff, cx8, cmov, fxsr, ht, mmx, 3dnowpref, sse, sse2, sse3, ssse3, sse4.1, sse4.2, popcnt, lzcnt, tsc, avx, avx2, aes, erms, clmul, bmi1, bmi2, rtm, adx, avx512f, avx512dq, avx512cd, avx512bw, avx512vl, fma, vzeroupper, clflush, clflushopt, hv

Memory: 4k page, system-wide physical 4094M (386M free)
TotalPageFile size 6142M (AvailPageFile size 5M)
current process WorkingSet (physical memory assigned to process): 148M, peak: 148M
current process commit charge ("private bytes"): 172M, peak: 185M

vm_info: OpenJDK 64-Bit Server VM (17.0.3+7) for windows-amd64 JRE (17.0.3+7), built on Apr 19 2022 16:55:35 by "" with MS VC++ 16.7 (VS2019)

END.
